<?xml version='1.0' encoding='UTF-8'?>
<testsuite hostname="DESKTOP-TI50IBP" name="fpu8.TestGenerateFinalResult" tests="1" errors="0" failures="0" skipped="0" time="4.952" timestamp="2024-10-03T15:26:05">
          <properties>
      <property name="java.specification.version" value="17"/><property name="sun.cpu.isalist" value="amd64"/><property name="sun.jnu.encoding" value="Cp1252"/><property name="sun.arch.data.model" value="64"/><property name="sbt.supershell" value="false"/><property name="java.vendor.url" value="https://java.oracle.com/"/><property name="sun.boot.library.path" value="C:\Program Files\Java\jdk-17.0.5\bin"/><property name="sun.java.command" value="C:\Users\gruji\AppData\Roaming\JetBrains\IntelliJIdea2022.3\plugins\Scala\launcher\sbt-launch.jar early(addPluginSbtFile=&quot;&quot;&quot;C:\Users\gruji\AppData\Local\Temp\idea.sbt&quot;&quot;&quot;) ; set ideaPort in Global := 50794 ; idea-shell"/><property name="jdk.debug" value="release"/><property name="sun.stderr.encoding" value="cp437"/><property name="java.specification.vendor" value="Oracle Corporation"/><property name="java.version.date" value="2022-10-18"/><property name="java.home" value="C:\Program Files\Java\jdk-17.0.5"/><property name="file.separator" value="\"/><property name="java.vm.compressedOopsMode" value="32-bit"/><property name="line.separator" value="
"/><property name="sun.stdout.encoding" value="cp437"/><property name="java.vm.specification.vendor" value="Oracle Corporation"/><property name="java.specification.name" value="Java Platform API Specification"/><property name="idea.installation.dir" value="C:\Program Files\JetBrains\IntelliJ IDEA 2022.3.1"/><property name="user.script" value=""/><property name="sun.management.compiler" value="HotSpot 64-Bit Tiered Compilers"/><property name="java.runtime.version" value="17.0.5+9-LTS-191"/><property name="user.name" value="gruji"/><property name="log4j.ignoreTCL" value="true"/><property name="file.encoding" value="UTF-8"/><property name="jnidispatch.path" value="C:\Users\gruji\AppData\Local\Temp\jna-98634665\jna17587056268748460427.dll"/><property name="jna.loaded" value="true"/><property name="java.io.tmpdir" value="C:\Users\gruji\AppData\Local\Temp\"/><property name="java.version" value="17.0.5"/><property name="java.vm.specification.name" value="Java Virtual Machine Specification"/><property name="sun.os.patch.level" value=""/><property name="native.encoding" value="Cp1252"/><property name="java.library.path" value="C:\Program Files\Java\jdk-17.0.5\bin;C:\Windows\Sun\Java\bin;C:\Windows\system32;C:\Windows;C:\Program Files\Common Files\Oracle\Java\javapath;C:\Program Files (x86)\Common Files\Oracle\Java\javapath;C:\Windows\system32;C:\Windows;C:\Windows\System32\Wbem;C:\Windows\System32\WindowsPowerShell\v1.0\;C:\Windows\System32\OpenSSH\;C:\Program Files\dotnet\;C:\Program Files\Java\jdk-17.0.5\bin;C:\Program Files\nodejs\;C:\Program Files\nodejs\npm;C:\ffmpeg-6.0-full_build\bin\;C:\Users\gruji\AppData\Roaming\Python\Python310\Scripts\;C:\Program Files\PuTTY\;C:\Program Files (x86)\sbt\bin;C:\Program Files\Git\cmd;C:\Users\gruji\AppData\Local\Programs\MiKTeX\miktex\bin\x64;C:\Users\gruji\AppData\Local\Programs\Python\Python310\Scripts\;C:\Users\gruji\AppData\Local\Programs\Python\Python310\;C:\Users\gruji\AppData\Local\Microsoft\WindowsApps;C:\Users\gruji\.dotnet\tools;C:\Users\gruji\AppData\Local\Programs\Microsoft VS Code\bin;C:\Users\gruji\AppData\Roaming\npm;C:\Users\gruji\AppData\Local\Programs\MiKTeX\miktex\bin\x64\;."/><property name="java.vendor" value="Oracle Corporation"/><property name="sun.io.unicode.encoding" value="UnicodeLittle"/><property name="java.class.path" value="C:\Users\gruji\AppData\Roaming\JetBrains\IntelliJIdea2022.3\plugins\Scala\launcher\sbt-launch.jar"/><property name="java.vm.vendor" value="Oracle Corporation"/><property name="user.variant" value=""/><property name="jline.shutdownhook" value="false"/><property name="user.timezone" value="Europe/Paris"/><property name="java.vm.specification.version" value="17"/><property name="os.name" value="Windows 10"/><property name="sun.java.launcher" value="SUN_STANDARD"/><property name="user.country" value="US"/><property name="sun.cpu.endian" value="little"/><property name="user.home" value="C:\Users\gruji"/><property name="user.language" value="en"/><property name="sbt.ipcsocket.tmpdir" value="C:\Users\gruji\AppData\Local\Temp\.sbt53bd0b20\ipcsocket"/><property name="swoval.tmpdir" value="C:\Users\gruji\AppData\Local\Temp\.sbt53bd0b20\swoval"/><property name="jline.esc.timeout" value="0"/><property name="path.separator" value=";"/><property name="os.version" value="10.0"/><property name="jna.nosys" value="true"/><property name="java.runtime.name" value="Java(TM) SE Runtime Environment"/><property name="sbt.log.noformat" value="true"/><property name="java.vm.name" value="Java HotSpot(TM) 64-Bit Server VM"/><property name="java.vendor.url.bug" value="https://bugreport.java.com/bugreport/"/><property name="user.dir" value="E:\Faks\MAS\FIN\master_rad\fpu8"/><property name="os.arch" value="amd64"/><property name="idea.managed" value="true"/><property name="java.vm.info" value="mixed mode, sharing"/><property name="java.vm.version" value="17.0.5+9-LTS-191"/><property name="java.class.version" value="61.0"/>
    </properties>
          <testcase classname="fpu8.TestGenerateFinalResult" name="GenerateFinalResult should give the 8-bit floating point representation of the result" time="4.952">
                      
                    </testcase>
          <system-out><![CDATA[]]></system-out>
          <system-err><![CDATA[]]></system-err>
        </testsuite>